app/build/intermediates/manifest_merge_blame_file/debug/manifest-merger-blame-debug-report.txt
1<?xml version="1.0" encoding="utf-8"?>
2<manifest xmlns:android="http://schemas.android.com/apk/res/android"
3    package="com.example.listviewinlistview"
4    android:versionCode="1"
5    android:versionName="1.0" >
6
7    <uses-sdk
8        android:minSdkVersion="21"
8-->src/main/AndroidManifest.xml
9        android:targetSdkVersion="32" />
9-->src/main/AndroidManifest.xml
10
11    <uses-permission android:name="android.permission.WAKE_LOCK" />
11-->src/main/AndroidManifest.xml:5:5-68
11-->src/main/AndroidManifest.xml:5:22-65
12
13    <!-- Although the *SdkVersion is captured in gradle build files, this is required for non gradle builds -->
14    <!-- <uses-sdk android:minSdkVersion="14"/> -->
15    <uses-permission android:name="android.permission.ACCESS_NETWORK_STATE" />
15-->[com.google.firebase:firebase-database:20.0.4] AndroidManifest.xml:25:5-79
15-->[com.google.firebase:firebase-database:20.0.4] AndroidManifest.xml:25:22-76
16    <uses-permission android:name="android.permission.INTERNET" />
16-->[com.google.firebase:firebase-database:20.0.4] AndroidManifest.xml:26:5-67
16-->[com.google.firebase:firebase-database:20.0.4] AndroidManifest.xml:26:22-64
17
18    <application
18-->src/main/AndroidManifest.xml:7:5-71:19
19        android:allowBackup="true"
19-->src/main/AndroidManifest.xml:8:9-35
20        android:appComponentFactory="androidx.core.app.CoreComponentFactory"
20-->[androidx.core:core:1.7.0] AndroidManifest.xml:24:18-86
21        android:debuggable="true"
22        android:icon="@mipmap/ic_launcher"
22-->src/main/AndroidManifest.xml:9:9-43
23        android:label="PickYourBrain"
23-->src/main/AndroidManifest.xml:12:9-38
24        android:roundIcon="@mipmap/ic_launcher_round"
24-->src/main/AndroidManifest.xml:10:9-54
25        android:supportsRtl="true"
25-->src/main/AndroidManifest.xml:11:9-35
26        android:testOnly="true" >
27        <activity
27-->src/main/AndroidManifest.xml:14:9-22:20
28            android:name="com.example.listviewinlistview.ModifyWord"
28-->src/main/AndroidManifest.xml:15:13-39
29            android:exported="false"
29-->src/main/AndroidManifest.xml:16:13-37
30            android:theme="@style/Theme.AppCompat" >
30-->src/main/AndroidManifest.xml:17:13-51
31            <intent-filter>
31-->src/main/AndroidManifest.xml:18:13-21:29
32                <action android:name="package.ModifyWord" />
32-->src/main/AndroidManifest.xml:19:17-61
32-->src/main/AndroidManifest.xml:19:25-58
33
34                <category android:name="android.intent.category.DEFAULT" />
34-->src/main/AndroidManifest.xml:20:17-76
34-->src/main/AndroidManifest.xml:20:27-73
35            </intent-filter>
36        </activity>
37        <activity
37-->src/main/AndroidManifest.xml:24:9-32:20
38            android:name="com.example.listviewinlistview.add_word"
38-->src/main/AndroidManifest.xml:25:13-37
39            android:exported="false"
39-->src/main/AndroidManifest.xml:26:13-37
40            android:theme="@style/Theme.AppCompat" >
40-->src/main/AndroidManifest.xml:27:13-51
41            <intent-filter>
41-->src/main/AndroidManifest.xml:28:13-31:29
42                <action android:name="package.add_word" />
42-->src/main/AndroidManifest.xml:29:17-59
42-->src/main/AndroidManifest.xml:29:25-56
43
44                <category android:name="android.intent.category.DEFAULT" />
44-->src/main/AndroidManifest.xml:20:17-76
44-->src/main/AndroidManifest.xml:20:27-73
45            </intent-filter>
46        </activity>
47        <activity
47-->src/main/AndroidManifest.xml:33:9-42:20
48            android:name="com.example.listviewinlistview.add_language"
48-->src/main/AndroidManifest.xml:34:13-41
49            android:exported="false"
49-->src/main/AndroidManifest.xml:35:13-37
50            android:theme="@style/Theme.AppCompat" >
50-->src/main/AndroidManifest.xml:36:13-51
51            <intent-filter>
51-->src/main/AndroidManifest.xml:37:13-41:29
52                <action android:name="package.add_language" />
52-->src/main/AndroidManifest.xml:38:17-63
52-->src/main/AndroidManifest.xml:38:25-60
53
54                <category android:name="android.intent.category.DEFAULT" />
54-->src/main/AndroidManifest.xml:20:17-76
54-->src/main/AndroidManifest.xml:20:27-73
55            </intent-filter>
56        </activity>
57        <activity
57-->src/main/AndroidManifest.xml:43:9-52:20
58            android:name="com.example.listviewinlistview.MainActivity"
58-->src/main/AndroidManifest.xml:44:13-41
59            android:exported="true"
59-->src/main/AndroidManifest.xml:45:13-36
60            android:theme="@style/Theme.AppCompat" >
60-->src/main/AndroidManifest.xml:46:13-51
61            <intent-filter>
61-->src/main/AndroidManifest.xml:47:13-51:29
62                <action android:name="android.intent.action.MAIN" />
62-->src/main/AndroidManifest.xml:48:17-69
62-->src/main/AndroidManifest.xml:48:25-66
63
64                <category android:name="android.intent.category.LAUNCHER" />
64-->src/main/AndroidManifest.xml:50:17-77
64-->src/main/AndroidManifest.xml:50:27-74
65            </intent-filter>
66        </activity>
67        <activity
67-->src/main/AndroidManifest.xml:53:9-61:20
68            android:name="com.example.listviewinlistview.itemfetch"
68-->src/main/AndroidManifest.xml:54:13-38
69            android:exported="false"
69-->src/main/AndroidManifest.xml:55:13-37
70            android:theme="@style/Theme.AppCompat" >
70-->src/main/AndroidManifest.xml:56:13-51
71            <intent-filter>
71-->src/main/AndroidManifest.xml:57:13-60:29
72                <action android:name="package.itemfetch" />
72-->src/main/AndroidManifest.xml:58:17-60
72-->src/main/AndroidManifest.xml:58:25-57
73
74                <category android:name="android.intent.category.DEFAULT" />
74-->src/main/AndroidManifest.xml:20:17-76
74-->src/main/AndroidManifest.xml:20:27-73
75            </intent-filter>
76        </activity>
77        <activity
77-->src/main/AndroidManifest.xml:62:9-70:20
78            android:name="com.example.listviewinlistview.Revision"
78-->src/main/AndroidManifest.xml:63:13-37
79            android:exported="false"
79-->src/main/AndroidManifest.xml:64:13-37
80            android:theme="@style/Theme.AppCompat" >
80-->src/main/AndroidManifest.xml:65:13-51
81            <intent-filter>
81-->src/main/AndroidManifest.xml:66:13-69:29
82                <action android:name="package.Revision" />
82-->src/main/AndroidManifest.xml:67:17-59
82-->src/main/AndroidManifest.xml:67:25-56
83
84                <category android:name="android.intent.category.DEFAULT" />
84-->src/main/AndroidManifest.xml:20:17-76
84-->src/main/AndroidManifest.xml:20:27-73
85            </intent-filter>
86        </activity>
87
88        <service
88-->[com.google.firebase:firebase-database:20.0.4] AndroidManifest.xml:29:9-35:19
89            android:name="com.google.firebase.components.ComponentDiscoveryService"
89-->[com.google.firebase:firebase-database:20.0.4] AndroidManifest.xml:30:13-84
90            android:directBootAware="true"
90-->[com.google.firebase:firebase-common:20.1.0] AndroidManifest.xml:35:13-43
91            android:exported="false" >
91-->[com.google.firebase:firebase-database:20.0.4] AndroidManifest.xml:31:13-37
92            <meta-data
92-->[com.google.firebase:firebase-database:20.0.4] AndroidManifest.xml:32:13-34:85
93                android:name="com.google.firebase.components:com.google.firebase.database.DatabaseRegistrar"
93-->[com.google.firebase:firebase-database:20.0.4] AndroidManifest.xml:33:17-109
94                android:value="com.google.firebase.components.ComponentRegistrar" />
94-->[com.google.firebase:firebase-database:20.0.4] AndroidManifest.xml:34:17-82
95            <meta-data
95-->[com.google.firebase:firebase-storage:20.0.1] AndroidManifest.xml:33:13-35:85
96                android:name="com.google.firebase.components:com.google.firebase.storage.StorageRegistrar"
96-->[com.google.firebase:firebase-storage:20.0.1] AndroidManifest.xml:34:17-107
97                android:value="com.google.firebase.components.ComponentRegistrar" />
97-->[com.google.firebase:firebase-storage:20.0.1] AndroidManifest.xml:35:17-82
98        </service>
99
100        <activity
100-->[com.google.android.gms:play-services-base:18.0.1] AndroidManifest.xml:20:9-22:45
101            android:name="com.google.android.gms.common.api.GoogleApiActivity"
101-->[com.google.android.gms:play-services-base:18.0.1] AndroidManifest.xml:20:19-85
102            android:exported="false"
102-->[com.google.android.gms:play-services-base:18.0.1] AndroidManifest.xml:22:19-43
103            android:theme="@android:style/Theme.Translucent.NoTitleBar" />
103-->[com.google.android.gms:play-services-base:18.0.1] AndroidManifest.xml:21:19-78
104
105        <provider
105-->[com.google.firebase:firebase-common:20.1.0] AndroidManifest.xml:26:9-31:39
106            android:name="com.google.firebase.provider.FirebaseInitProvider"
106-->[com.google.firebase:firebase-common:20.1.0] AndroidManifest.xml:27:13-77
107            android:authorities="com.example.listviewinlistview.firebaseinitprovider"
107-->[com.google.firebase:firebase-common:20.1.0] AndroidManifest.xml:28:13-72
108            android:directBootAware="true"
108-->[com.google.firebase:firebase-common:20.1.0] AndroidManifest.xml:29:13-43
109            android:exported="false"
109-->[com.google.firebase:firebase-common:20.1.0] AndroidManifest.xml:30:13-37
110            android:initOrder="100" />
110-->[com.google.firebase:firebase-common:20.1.0] AndroidManifest.xml:31:13-36
111
112        <meta-data
112-->[com.google.android.gms:play-services-basement:18.0.0] AndroidManifest.xml:21:9-23:69
113            android:name="com.google.android.gms.version"
113-->[com.google.android.gms:play-services-basement:18.0.0] AndroidManifest.xml:22:13-58
114            android:value="@integer/google_play_services_version" />
114-->[com.google.android.gms:play-services-basement:18.0.0] AndroidManifest.xml:23:13-66
115
116        <provider
116-->[androidx.emoji2:emoji2:1.0.0] AndroidManifest.xml:26:9-34:20
117            android:name="androidx.startup.InitializationProvider"
117-->[androidx.emoji2:emoji2:1.0.0] AndroidManifest.xml:27:13-67
118            android:authorities="com.example.listviewinlistview.androidx-startup"
118-->[androidx.emoji2:emoji2:1.0.0] AndroidManifest.xml:28:13-68
119            android:exported="false" >
119-->[androidx.emoji2:emoji2:1.0.0] AndroidManifest.xml:29:13-37
120            <meta-data
120-->[androidx.emoji2:emoji2:1.0.0] AndroidManifest.xml:31:13-33:52
121                android:name="androidx.emoji2.text.EmojiCompatInitializer"
121-->[androidx.emoji2:emoji2:1.0.0] AndroidManifest.xml:32:17-75
122                android:value="androidx.startup" />
122-->[androidx.emoji2:emoji2:1.0.0] AndroidManifest.xml:33:17-49
123            <meta-data
123-->[androidx.lifecycle:lifecycle-process:2.4.0] AndroidManifest.xml:31:13-33:52
124                android:name="androidx.lifecycle.ProcessLifecycleInitializer"
124-->[androidx.lifecycle:lifecycle-process:2.4.0] AndroidManifest.xml:32:17-78
125                android:value="androidx.startup" />
125-->[androidx.lifecycle:lifecycle-process:2.4.0] AndroidManifest.xml:33:17-49
126        </provider>
127
128        <uses-library
128-->[androidx.window:window:1.0.0] AndroidManifest.xml:25:9-27:40
129            android:name="androidx.window.extensions"
129-->[androidx.window:window:1.0.0] AndroidManifest.xml:26:13-54
130            android:required="false" />
130-->[androidx.window:window:1.0.0] AndroidManifest.xml:27:13-37
131        <uses-library
131-->[androidx.window:window:1.0.0] AndroidManifest.xml:28:9-30:40
132            android:name="androidx.window.sidecar"
132-->[androidx.window:window:1.0.0] AndroidManifest.xml:29:13-51
133            android:required="false" />
133-->[androidx.window:window:1.0.0] AndroidManifest.xml:30:13-37
134    </application>
135
136</manifest>